\BOOKMARK [1][-]{section*.1}{\376\377\000A\000b\000s\000t\000r\000a\000c\000t}{}% 1
\BOOKMARK [1][-]{section.1}{\376\377\0001\000\040\000I\000n\000t\000r\000o\000d\000u\000c\000t\000i\000o\000n}{}% 2
\BOOKMARK [1][-]{section.2}{\376\377\0002\000\040\000B\000a\000c\000k\000g\000r\000o\000u\000n\000d}{}% 3
\BOOKMARK [2][-]{subsection.2.1}{\376\377\0002\000.\0001\000\040\000D\000e\000f\000i\000n\000a\000t\000i\000o\000n\000\040\000o\000f\000\040\000r\000e\000s\000u\000g\000a\000r\000i\000n\000g}{section.2}% 4
\BOOKMARK [2][-]{subsection.2.2}{\376\377\0002\000.\0002\000\040\000B\000a\000c\000k\000g\000r\000o\000u\000n\000d}{section.2}% 5
\BOOKMARK [1][-]{section.3}{\376\377\0003\000\040\000O\000v\000e\000r\000v\000i\000e\000w}{}% 6
\BOOKMARK [1][-]{section.4}{\376\377\0004\000\040\000L\000i\000g\000h\000t\000w\000e\000i\000g\000h\000t\000\040\000A\000l\000g\000o\000r\000i\000t\000h\000m}{}% 7
\BOOKMARK [2][-]{subsection.4.1}{\376\377\0004\000.\0001\000\040\000L\000a\000n\000g\000u\000a\000g\000e\000\040\000s\000e\000t\000t\000i\000n\000g}{section.4}% 8
\BOOKMARK [2][-]{subsection.4.2}{\376\377\0004\000.\0002\000\040\000A\000l\000g\000o\000r\000i\000t\000h\000m\000\040\000d\000e\000f\000i\000n\000a\000t\000i\000o\000n}{section.4}% 9
\BOOKMARK [2][-]{subsection.4.3}{\376\377\0004\000.\0003\000\040\000P\000r\000o\000o\000f\000\040\000o\000f\000\040\000c\000o\000r\000r\000e\000c\000t\000n\000e\000s\000s}{section.4}% 10
\BOOKMARK [1][-]{section.5}{\376\377\0005\000\040\000I\000m\000p\000l\000e\000m\000e\000n\000t\000a\000t\000i\000o\000n}{}% 11
\BOOKMARK [1][-]{section.6}{\376\377\0006\000\040\000E\000v\000a\000l\000u\000a\000t\000i\000o\000n}{}% 12
\BOOKMARK [2][-]{subsection.6.1}{\376\377\0006\000.\0001\000\040\000s\000i\000m\000p\000l\000e\000\040\000s\000u\000g\000a\000r}{section.6}% 13
\BOOKMARK [2][-]{subsection.6.2}{\376\377\0006\000.\0002\000\040\000h\000y\000g\000i\000e\000n\000i\000c\000\040\000m\000a\000c\000r\000o}{section.6}% 14
\BOOKMARK [2][-]{subsection.6.3}{\376\377\0006\000.\0003\000\040\000r\000e\000c\000u\000r\000s\000i\000v\000e\000\040\000s\000u\000g\000a\000r}{section.6}% 15
\BOOKMARK [1][-]{section.7}{\376\377\0007\000\040\000D\000i\000s\000c\000u\000s\000s\000i\000o\000n}{}% 16
\BOOKMARK [2][-]{subsection.7.1}{\376\377\0007\000.\0001\000\040\000C\000o\000m\000p\000a\000r\000e\000\040\000t\000o\000\040\000p\000r\000e\000v\000i\000o\000u\000s\000\040\000w\000o\000r\000k}{section.7}% 17
\BOOKMARK [2][-]{subsection.7.2}{\376\377\0007\000.\0002\000\040\000C\000o\000m\000m\000e\000n\000t\000s\000\040\000o\000n\000\040\000r\000e\000s\000u\000g\000a\000r\000i\000n\000g}{section.7}% 18
\BOOKMARK [1][-]{section.8}{\376\377\0008\000\040\000R\000e\000l\000a\000t\000e\000d\000\040\000W\000o\000r\000k}{}% 19
\BOOKMARK [1][-]{section.9}{\376\377\0009\000\040\000C\000o\000n\000c\000l\000u\000s\000i\000o\000n}{}% 20
\BOOKMARK [1][-]{section*.15}{\376\377\000R\000e\000f\000e\000r\000e\000n\000c\000e\000s}{}% 21
\BOOKMARK [1][-]{appendix.A}{\376\377\000A\000\040\000A\000p\000p\000e\000n\000d\000i\000x}{}% 22
