\BOOKMARK [0][-]{chapter*.3}{\376\377\144\130\211\201}{}% 1
\BOOKMARK [0][-]{chapter*.4}{\376\377\000A\000b\000s\000t\000r\000a\000c\000t}{}% 2
\BOOKMARK [0][-]{chapter*.4}{\376\377\121\150\145\207\166\356\137\125}{}% 3
\BOOKMARK [0][-]{chapter.1}{\376\377\176\352\213\272}{}% 4
\BOOKMARK [1][-]{section.1.1}{\376\377\170\024\172\166\200\314\146\157}{chapter.1}% 5
\BOOKMARK [1][-]{section.1.2}{\376\377\211\343\121\263\166\204\225\356\230\230\123\312\170\024\172\166\163\260\162\266}{chapter.1}% 6
\BOOKMARK [1][-]{section.1.3}{\376\377\166\370\121\163\135\345\117\134\123\312\133\130\127\050\166\204\225\356\230\230}{chapter.1}% 7
\BOOKMARK [1][-]{section.1.4}{\376\377\127\372\147\054\140\035\215\357\123\312\121\150\145\207\176\323\147\204}{chapter.1}% 8
\BOOKMARK [1][-]{section.1.5}{\376\377\147\054\145\207\116\073\211\201\215\041\163\056}{chapter.1}% 9
\BOOKMARK [0][-]{chapter.2}{\376\377\200\314\146\157\167\345\213\306}{}% 10
\BOOKMARK [1][-]{section.2.1}{\376\377\221\315\176\304\174\326\137\142\137\017\123\026\133\232\116\111}{chapter.2}% 11
\BOOKMARK [1][-]{section.2.2}{\376\377\133\214\121\150\003\262\211\304\176\246\060\001\137\122\176\246\213\355\116\111\124\214\000P\000L\000T\000\040\000R\000e\000d\000e\000x}{chapter.2}% 12
\BOOKMARK [0][-]{chapter.3}{\376\377\173\227\154\325\133\232\116\111\123\312\153\143\170\156\140\047\213\301\146\016}{}% 13
\BOOKMARK [1][-]{section.3.1}{\376\377\133\371\213\355\212\000\166\204\211\304\133\232}{chapter.3}% 14
\BOOKMARK [1][-]{section.3.2}{\376\377\173\227\154\325\143\317\217\360}{chapter.3}% 15
\BOOKMARK [1][-]{section.3.3}{\376\377\153\143\170\156\140\047\213\301\146\016}{chapter.3}% 16
\BOOKMARK [2][-]{subsection.3.3.1}{\376\377\116\377\167\037\140\047}{section.3.3}% 17
\BOOKMARK [2][-]{subsection.3.3.2}{\376\377\142\275\214\141\140\047}{section.3.3}% 18
\BOOKMARK [2][-]{subsection.3.3.3}{\376\377\211\206\166\326\140\047}{section.3.3}% 19
\BOOKMARK [0][-]{chapter.4}{\376\377\133\236\163\260\176\306\202\202\116\016\213\304\117\060}{}% 20
\BOOKMARK [1][-]{section.4.1}{\376\377\133\236\163\260\176\306\202\202}{chapter.4}% 21
\BOOKMARK [1][-]{section.4.2}{\376\377\213\304\117\060}{chapter.4}% 22
\BOOKMARK [2][-]{subsection.4.2.1}{\376\377\146\156\220\032\174\326}{section.4.2}% 23
\BOOKMARK [2][-]{subsection.4.2.2}{\376\377\131\015\124\010\174\326}{section.4.2}% 24
\BOOKMARK [2][-]{subsection.4.2.3}{\376\377\123\153\165\037\133\217}{section.4.2}% 25
\BOOKMARK [2][-]{subsection.4.2.4}{\376\377\220\022\137\122\174\326}{section.4.2}% 26
\BOOKMARK [2][-]{subsection.4.2.5}{\376\377\232\330\226\066\174\326}{section.4.2}% 27
\BOOKMARK [1][-]{section.4.3}{\376\377\116\000\116\233\121\166\116\326\213\250\213\272}{chapter.4}% 28
\BOOKMARK [2][-]{subsection.4.3.1}{\376\377\122\157\117\134\165\050}{section.4.3}% 29
\BOOKMARK [0][-]{chapter.5}{\376\377\140\073\176\323\116\016\134\125\147\033}{}% 30
\BOOKMARK [0][-]{chapter.6}{\376\377\172\340\202\202\124\015\171\360}{}% 31
\BOOKMARK [1][-]{section.6.1}{\376\377\116\000\176\247\153\265\204\075\124\015\171\360}{chapter.6}% 32
\BOOKMARK [2][-]{subsection.6.1.1}{\376\377\116\214\176\247\153\265\204\075\124\015\171\360}{section.6.1}% 33
\BOOKMARK [3][-]{subsubsection.6.1.1.1}{\376\377\116\011\176\247\153\265\204\075\124\015\171\360}{subsection.6.1.1}% 34
\BOOKMARK [0][-]{Item.2}{\376\377\123\302\200\003\145\207\163\056}{}% 35
\BOOKMARK [0][-]{Item.4}{\376\377\147\054\171\321\147\037\225\364\166\204\116\073\211\201\135\345\117\134\124\214\142\020\147\234}{}% 36
\BOOKMARK [0][-]{chapter*.13}{\376\377\201\364\214\042}{}% 37
